TN:
SF:src/calculator.js
FN:1,(anonymous_0)
FN:5,(anonymous_1)
FN:9,(anonymous_2)
FN:13,(anonymous_3)
FNF:4
FNH:4
FNDA:1,(anonymous_0)
FNDA:1,(anonymous_1)
FNDA:1,(anonymous_2)
FNDA:1,(anonymous_3)
DA:1,1
DA:2,1
DA:5,1
DA:6,1
DA:9,1
DA:10,1
DA:13,1
DA:14,1
DA:17,1
LF:9
LH:9
BRF:0
BRH:0
end_of_record
TN:
SF:src/calculator2.js
FN:3,(anonymous_0)
FN:6,(anonymous_1)
FN:9,(anonymous_2)
FN:12,(anonymous_3)
FNF:4
FNH:4
FNDA:1,(anonymous_0)
FNDA:1,(anonymous_1)
FNDA:1,(anonymous_2)
FNDA:1,(anonymous_3)
DA:1,1
DA:4,1
DA:7,1
DA:10,1
DA:13,1
DA:17,1
LF:6
LH:6
BRF:0
BRH:0
end_of_record
TN:
SF:src/calculator_with_errors.js
FN:1,(anonymous_0)
FN:8,(anonymous_1)
FN:15,(anonymous_2)
FN:22,(anonymous_3)
FNF:4
FNH:4
FNDA:2,(anonymous_0)
FNDA:2,(anonymous_1)
FNDA:2,(anonymous_2)
FNDA:2,(anonymous_3)
DA:1,1
DA:2,2
DA:3,1
DA:5,1
DA:8,1
DA:9,2
DA:10,1
DA:12,1
DA:15,1
DA:16,2
DA:17,1
DA:19,1
DA:22,1
DA:23,2
DA:24,1
DA:26,1
DA:29,1
LF:17
LH:17
BRDA:2,0,0,1
BRDA:2,0,1,1
BRDA:2,1,0,2
BRDA:2,1,1,1
BRDA:9,2,0,1
BRDA:9,2,1,1
BRDA:9,3,0,2
BRDA:9,3,1,1
BRDA:16,4,0,1
BRDA:16,4,1,1
BRDA:16,5,0,2
BRDA:16,5,1,1
BRDA:23,6,0,1
BRDA:23,6,1,1
BRDA:23,7,0,2
BRDA:23,7,1,1
BRF:16
BRH:16
end_of_record
